<?xml version="1.0" encoding="UTF-8"?>
<testng-results ignored="0" total="1" passed="1" failed="0" skipped="0">
  <reporter-output>
  </reporter-output>
  <suite started-at="2025-05-14T10:52:19 IST" name="Default suite" finished-at="2025-05-14T10:52:29 IST" duration-ms="10149">
    <groups>
    </groups>
    <test started-at="2025-05-14T10:52:19 IST" name="Default test" finished-at="2025-05-14T10:52:29 IST" duration-ms="10149">
      <class name="Testss.CheckOutTest">
        <test-method is-config="true" signature="setUp()[pri:0, instance:Testss.CheckOutTest@47eaca72]" started-at="2025-05-14T10:52:19 IST" name="setUp" finished-at="2025-05-14T10:52:22 IST" duration-ms="2996" status="PASS">
          <reporter-output>
          </reporter-output>
        </test-method> <!-- setUp -->
        <test-method signature="completecheckoutflow()[pri:0, instance:Testss.CheckOutTest@47eaca72]" started-at="2025-05-14T10:52:22 IST" name="completecheckoutflow" finished-at="2025-05-14T10:52:29 IST" duration-ms="6962" status="PASS">
          <reporter-output>
          </reporter-output>
        </test-method> <!-- completecheckoutflow -->
        <test-method is-config="true" signature="tearDown()[pri:0, instance:Testss.CheckOutTest@47eaca72]" started-at="2025-05-14T10:52:29 IST" name="tearDown" finished-at="2025-05-14T10:52:29 IST" duration-ms="162" status="PASS">
          <reporter-output>
          </reporter-output>
        </test-method> <!-- tearDown -->
      </class> <!-- Testss.CheckOutTest -->
    </test> <!-- Default test -->
  </suite> <!-- Default suite -->
</testng-results>
